<?xml version="1.0" encoding="UTF-8"?>
<robot generator="Robot 6.0.2 (Python 3.11.2 on win32)" generated="20240505 20:23:31.376" rpa="false" schemaversion="3">
<suite id="s1" name="TC01" source="C:\Program Files\Git\tmp\Python\Robot\DemoQA\Tests\Form\TC01.robot">
<test id="s1-t1" name="TC01 - preenchendo os campos de formulários em DemoQA" line="5">
<kw name="Dado que eu acesse o DemoQA" library="Form_Steps">
<kw name="Open Browser" library="SeleniumLibrary">
<arg>${URL}</arg>
<arg>${Browser}</arg>
<doc>Opens a new browser instance to the optional ``url``.</doc>
<msg timestamp="20240505 20:23:31.577" level="INFO">Opening browser 'chrome' to base url 'https://demoqa.com/automation-practice-form'.</msg>
<status status="PASS" starttime="20240505 20:23:31.577" endtime="20240505 20:23:46.071"/>
</kw>
<kw name="Maximize Browser Window" library="SeleniumLibrary">
<doc>Maximizes current browser window.</doc>
<status status="PASS" starttime="20240505 20:23:46.071" endtime="20240505 20:23:46.118"/>
</kw>
<status status="PASS" starttime="20240505 20:23:31.577" endtime="20240505 20:23:46.118"/>
</kw>
<kw name="E preencho meu PrimeiroNome" library="Form_Steps">
<kw name="Wait Until Element Is Visible" library="SeleniumLibrary">
<arg>${Form.Input_PrimeiroNome}</arg>
<arg>10</arg>
<doc>Waits until the element ``locator`` is visible.</doc>
<status status="PASS" starttime="20240505 20:23:46.121" endtime="20240505 20:23:46.171"/>
</kw>
<kw name="Input Text" library="SeleniumLibrary">
<arg>${Form.Input_PrimeiroNome}</arg>
<arg>${PrimeiroNome}</arg>
<doc>Types the given ``text`` into the text field identified by ``locator``.</doc>
<msg timestamp="20240505 20:23:46.172" level="INFO">Typing text 'Edward' into text field '//input[@placeholder="First Name"]'.</msg>
<status status="PASS" starttime="20240505 20:23:46.171" endtime="20240505 20:23:46.320"/>
</kw>
<status status="PASS" starttime="20240505 20:23:46.119" endtime="20240505 20:23:46.320"/>
</kw>
<kw name="E preencho meu Email" library="Form_Steps">
<kw name="Wait Until Element Is Visible" library="SeleniumLibrary">
<arg>${Form.Input_Email}</arg>
<arg>10</arg>
<doc>Waits until the element ``locator`` is visible.</doc>
<status status="PASS" starttime="20240505 20:23:46.321" endtime="20240505 20:23:46.362"/>
</kw>
<kw name="Input Text" library="SeleniumLibrary">
<arg>${Form.Input_Email}</arg>
<arg>${Email}</arg>
<doc>Types the given ``text`` into the text field identified by ``locator``.</doc>
<msg timestamp="20240505 20:23:46.363" level="INFO">Typing text 'teste@gmail.com' into text field '//input[@placeholder="name@example.com"]'.</msg>
<status status="PASS" starttime="20240505 20:23:46.362" endtime="20240505 20:23:46.472"/>
</kw>
<status status="PASS" starttime="20240505 20:23:46.321" endtime="20240505 20:23:46.472"/>
</kw>
<kw name="E seleciono meu Genero" library="Form_Steps">
<kw name="Click Element" library="SeleniumLibrary">
<arg>${Form.Input_Gender}</arg>
<doc>Click the element identified by ``locator``.</doc>
<msg timestamp="20240505 20:23:46.473" level="INFO">Clicking element '//label[@for="gender-radio-1"]'.</msg>
<status status="PASS" starttime="20240505 20:23:46.473" endtime="20240505 20:23:46.524"/>
</kw>
<kw name="Sleep" library="BuiltIn">
<arg>5</arg>
<doc>Pauses the test executed for the given time.</doc>
<msg timestamp="20240505 20:23:51.525" level="INFO">Slept 5 seconds</msg>
<status status="PASS" starttime="20240505 20:23:46.524" endtime="20240505 20:23:51.525"/>
</kw>
<status status="PASS" starttime="20240505 20:23:46.473" endtime="20240505 20:23:51.526"/>
</kw>
<kw name="E preencho meu Telefone" library="Form_Steps">
<kw name="Wait Until Element Is Visible" library="SeleniumLibrary">
<arg>${Form.Input_Telefone}</arg>
<arg>10</arg>
<doc>Waits until the element ``locator`` is visible.</doc>
<status status="PASS" starttime="20240505 20:23:51.527" endtime="20240505 20:23:51.562"/>
</kw>
<kw name="Input Text" library="SeleniumLibrary">
<arg>${Form.Input_Telefone}</arg>
<arg>${Telefone}</arg>
<doc>Types the given ``text`` into the text field identified by ``locator``.</doc>
<msg timestamp="20240505 20:23:51.563" level="INFO">Typing text '5554-3112' into text field '//input[@id="userNumber"]'.</msg>
<status status="PASS" starttime="20240505 20:23:51.563" endtime="20240505 20:23:51.621"/>
</kw>
<status status="PASS" starttime="20240505 20:23:51.526" endtime="20240505 20:23:51.621"/>
</kw>
<kw name="E preencho meus Interesses" library="Form_Steps">
<kw name="Wait Until Element Is Visible" library="SeleniumLibrary">
<arg>${Form.Input_Subjects}</arg>
<arg>10</arg>
<doc>Waits until the element ``locator`` is visible.</doc>
<status status="PASS" starttime="20240505 20:23:51.622" endtime="20240505 20:23:51.638"/>
</kw>
<kw name="Input Text" library="SeleniumLibrary">
<arg>${Form.Input_Subjects}</arg>
<arg>${Subjects}</arg>
<doc>Types the given ``text`` into the text field identified by ``locator``.</doc>
<msg timestamp="20240505 20:23:51.638" level="INFO">Typing text 'Anime, pamonha, cultivo, skate, games' into text field '//input[@id="subjectsInput"]'.</msg>
<status status="PASS" starttime="20240505 20:23:51.638" endtime="20240505 20:23:51.780"/>
</kw>
<status status="PASS" starttime="20240505 20:23:51.621" endtime="20240505 20:23:51.781"/>
</kw>
<kw name="E seleciono meus Hobbies" library="Form_Steps">
<kw name="Wait Until Element Is Visible" library="SeleniumLibrary">
<arg>${Form.Input_Hobies}</arg>
<arg>10</arg>
<doc>Waits until the element ``locator`` is visible.</doc>
<status status="PASS" starttime="20240505 20:23:51.781" endtime="20240505 20:23:51.802"/>
</kw>
<kw name="Click Element" library="SeleniumLibrary">
<arg>${Form.Input_Hobies}</arg>
<doc>Click the element identified by ``locator``.</doc>
<msg timestamp="20240505 20:23:51.803" level="INFO">Clicking element '//label[@for="hobbies-checkbox-1"]'.</msg>
<msg timestamp="20240505 20:23:53.115" level="INFO" html="true">&lt;/td&gt;&lt;/tr&gt;&lt;tr&gt;&lt;td colspan="3"&gt;&lt;a href="selenium-screenshot-16.png"&gt;&lt;img src="selenium-screenshot-16.png" width="800px"&gt;&lt;/a&gt;</msg>
<msg timestamp="20240505 20:23:53.115" level="FAIL">ElementClickInterceptedException: Message: element click intercepted: Element &lt;label title="" for="hobbies-checkbox-1" class="custom-control-label"&gt;...&lt;/label&gt; is not clickable at point (635, 578). Other element would receive the click: &lt;iframe id="google_ads_iframe_/21849154601,22343295815/Ad.Plus-Anchor_0" name="google_ads_iframe_/21849154601,22343295815/Ad.Plus-Anchor_0" title="3rd party ad content" width="809" height="100" scrolling="no" marginwidth="0" marginheight="0" frameborder="0" aria-label="Advertisement" tabindex="0" data-load-complete="true" style="border: 0px; vertical-align: bottom;" data-google-container-id="1"&gt;&lt;/iframe&gt;
  (Session info: chrome=124.0.6367.119)
Stacktrace:
	GetHandleVerifier [0x00007FF7C9D2F922+3045234]
	(No symbol) [0x00007FF7C99D3652]
	(No symbol) [0x00007FF7C9897564]
	(No symbol) [0x00007FF7C98EDAA7]
	(No symbol) [0x00007FF7C98EB584]
	(No symbol) [0x00007FF7C98E8A4A]
	(No symbol) [0x00007FF7C98E7C22]
	(No symbol) [0x00007FF7C98D9FDB]
	(No symbol) [0x00007FF7C9909DAA]
	(No symbol) [0x00007FF7C98D9916]
	(No symbol) [0x00007FF7C9909FC0]
	(No symbol) [0x00007FF7C99291C4]
	(No symbol) [0x00007FF7C9909B53]
	(No symbol) [0x00007FF7C98D813C]
	(No symbol) [0x00007FF7C98D8D71]
	GetHandleVerifier [0x00007FF7C9D5E89D+3237613]
	GetHandleVerifier [0x00007FF7C9DA0BA7+3508727]
	GetHandleVerifier [0x00007FF7C9D9976F+3478975]
	GetHandleVerifier [0x00007FF7C9B0F1C6+815126]
	(No symbol) [0x00007FF7C99DED0F]
	(No symbol) [0x00007FF7C99D9854]
	(No symbol) [0x00007FF7C99D99E2]
	(No symbol) [0x00007FF7C99CA574]
	BaseThreadInitThunk [0x00007FF88954257D+29]
	RtlUserThreadStart [0x00007FF88A8CAA48+40]
</msg>
<status status="FAIL" starttime="20240505 20:23:51.803" endtime="20240505 20:23:53.118"/>
</kw>
<kw name="Wait Until Element Is Visible" library="SeleniumLibrary">
<arg>${Form.Input_Hobies_2}</arg>
<arg>10</arg>
<doc>Waits until the element ``locator`` is visible.</doc>
<status status="NOT RUN" starttime="20240505 20:23:53.118" endtime="20240505 20:23:53.118"/>
</kw>
<kw name="Click Element" library="SeleniumLibrary">
<arg>${Form.Input_Hobies_2}</arg>
<doc>Click the element identified by ``locator``.</doc>
<status status="NOT RUN" starttime="20240505 20:23:53.118" endtime="20240505 20:23:53.118"/>
</kw>
<kw name="Sleep" library="BuiltIn">
<arg>5</arg>
<doc>Pauses the test executed for the given time.</doc>
<status status="NOT RUN" starttime="20240505 20:23:53.118" endtime="20240505 20:23:53.118"/>
</kw>
<status status="FAIL" starttime="20240505 20:23:51.781" endtime="20240505 20:23:53.118"/>
</kw>
<kw name="E preencho meu Endereco" library="Form_Steps">
<status status="NOT RUN" starttime="20240505 20:23:53.118" endtime="20240505 20:23:53.119"/>
</kw>
<kw name="E fecho o navegador" library="Form_Steps">
<status status="NOT RUN" starttime="20240505 20:23:53.119" endtime="20240505 20:23:53.119"/>
</kw>
<status status="FAIL" starttime="20240505 20:23:31.576" endtime="20240505 20:23:53.119">ElementClickInterceptedException: Message: element click intercepted: Element &lt;label title="" for="hobbies-checkbox-1" class="custom-control-label"&gt;...&lt;/label&gt; is not clickable at point (635, 578). Other element would receive the click: &lt;iframe id="google_ads_iframe_/21849154601,22343295815/Ad.Plus-Anchor_0" name="google_ads_iframe_/21849154601,22343295815/Ad.Plus-Anchor_0" title="3rd party ad content" width="809" height="100" scrolling="no" marginwidth="0" marginheight="0" frameborder="0" aria-label="Advertisement" tabindex="0" data-load-complete="true" style="border: 0px; vertical-align: bottom;" data-google-container-id="1"&gt;&lt;/iframe&gt;
  (Session info: chrome=124.0.6367.119)
Stacktrace:
	GetHandleVerifier [0x00007FF7C9D2F922+3045234]
	(No symbol) [0x00007FF7C99D3652]
	(No symbol) [0x00007FF7C9897564]
	(No symbol) [0x00007FF7C98EDAA7]
	(No symbol) [0x00007FF7C98EB584]
	(No symbol) [0x00007FF7C98E8A4A]
	(No symbol) [0x00007FF7C98E7C22]
	(No symbol) [0x00007FF7C98D9FDB]
	(No symbol) [0x00007FF7C9909DAA]
	(No symbol) [0x00007FF7C98D9916]
	(No symbol) [0x00007FF7C9909FC0]
	(No symbol) [0x00007FF7C99291C4]
	(No symbol) [0x00007FF7C9909B53]
	(No symbol) [0x00007FF7C98D813C]
	(No symbol) [0x00007FF7C98D8D71]
	GetHandleVerifier [0x00007FF7C9D5E89D+3237613]
	GetHandleVerifier [0x00007FF7C9DA0BA7+3508727]
	GetHandleVerifier [0x00007FF7C9D9976F+3478975]
	GetHandleVerifier [0x00007FF7C9B0F1C6+815126]
	(No symbol) [0x00007FF7C99DED0F]
	(No symbol) [0x00007FF7C99D9854]
	(No symbol) [0x00007FF7C99D99E2]
	(No symbol) [0x00007FF7C99CA574]
	BaseThreadInitThunk [0x00007FF88954257D+29]
	RtlUserThreadStart [0x00007FF88A8CAA48+40]
</status>
</test>
<status status="FAIL" starttime="20240505 20:23:31.377" endtime="20240505 20:23:53.122"/>
</suite>
<statistics>
<total>
<stat pass="0" fail="1" skip="0">All Tests</stat>
</total>
<tag>
</tag>
<suite>
<stat pass="0" fail="1" skip="0" id="s1" name="TC01">TC01</stat>
</suite>
</statistics>
<errors>
</errors>
</robot>
